2023-08-31 13:46:09.766  INFO 7116 --- [restartedMain] c.company.web.wallet.WalletApplication   : Starting WalletApplication using Java 11.0.18 on 5750G with PID 7116 (C:\Users\User\Documents\Virtual-Wallet\build\classes\java\main started by User in C:\Users\User\Documents\Virtual-Wallet)
2023-08-31 13:46:09.768  INFO 7116 --- [restartedMain] c.company.web.wallet.WalletApplication   : No active profile set, falling back to default profiles: default
2023-08-31 13:46:09.794  INFO 7116 --- [restartedMain] .e.DevToolsPropertyDefaultsPostProcessor : Devtools property defaults active! Set 'spring.devtools.add-properties' to 'false' to disable
2023-08-31 13:46:09.794  INFO 7116 --- [restartedMain] .e.DevToolsPropertyDefaultsPostProcessor : For additional web related logging consider setting the 'logging.level.web' property to 'DEBUG'
2023-08-31 13:46:10.717  INFO 7116 --- [restartedMain] .s.d.r.c.RepositoryConfigurationDelegate : Bootstrapping Spring Data JPA repositories in DEFAULT mode.
2023-08-31 13:46:10.735  INFO 7116 --- [restartedMain] .s.d.r.c.RepositoryConfigurationDelegate : Finished Spring Data repository scanning in 12 ms. Found 0 JPA repository interfaces.
2023-08-31 13:46:11.136  INFO 7116 --- [restartedMain] o.s.b.w.embedded.tomcat.TomcatWebServer  : Tomcat initialized with port(s): 8080 (http)
2023-08-31 13:46:11.141  INFO 7116 --- [restartedMain] o.apache.catalina.core.StandardService   : Starting service [Tomcat]
2023-08-31 13:46:11.141  INFO 7116 --- [restartedMain] org.apache.catalina.core.StandardEngine  : Starting Servlet engine: [Apache Tomcat/9.0.41]
2023-08-31 13:46:11.190  INFO 7116 --- [restartedMain] o.a.c.c.C.[Tomcat].[localhost].[/]       : Initializing Spring embedded WebApplicationContext
2023-08-31 13:46:11.190  INFO 7116 --- [restartedMain] w.s.c.ServletWebServerApplicationContext : Root WebApplicationContext: initialization completed in 1395 ms
2023-08-31 13:46:11.307  INFO 7116 --- [restartedMain] org.hibernate.Version                    : HHH000412: Hibernate ORM core version 5.4.27.Final
2023-08-31 13:46:11.399  INFO 7116 --- [restartedMain] o.hibernate.annotations.common.Version   : HCANN000001: Hibernate Commons Annotations {5.1.2.Final}
2023-08-31 13:46:11.858  INFO 7116 --- [restartedMain] org.hibernate.dialect.Dialect            : HHH000400: Using dialect: org.hibernate.dialect.SQLServerDialect
2023-08-31 13:46:12.509  INFO 7116 --- [restartedMain] o.h.e.t.j.p.i.JtaPlatformInitiator       : HHH000490: Using JtaPlatform implementation: [org.hibernate.engine.transaction.jta.platform.internal.NoJtaPlatform]
2023-08-31 13:46:12.714  WARN 7116 --- [restartedMain] JpaBaseConfiguration$JpaWebConfiguration : spring.jpa.open-in-view is enabled by default. Therefore, database queries may be performed during view rendering. Explicitly configure spring.jpa.open-in-view to disable this warning
2023-08-31 13:46:12.839  INFO 7116 --- [restartedMain] o.s.s.concurrent.ThreadPoolTaskExecutor  : Initializing ExecutorService 'applicationTaskExecutor'
2023-08-31 13:46:12.859  INFO 7116 --- [restartedMain] o.s.b.d.a.OptionalLiveReloadServer       : LiveReload server is running on port 35729
2023-08-31 13:46:12.964  INFO 7116 --- [restartedMain] o.s.s.c.ThreadPoolTaskScheduler          : Initializing ExecutorService 'taskScheduler'
2023-08-31 13:46:13.020  INFO 7116 --- [restartedMain] o.s.b.w.embedded.tomcat.TomcatWebServer  : Tomcat started on port(s): 8080 (http) with context path ''
2023-08-31 13:46:13.266  INFO 7116 --- [restartedMain] c.company.web.wallet.WalletApplication   : Started WalletApplication in 3.741 seconds (JVM running for 4.432)
2023-08-31 13:46:20.945  INFO 7116 --- [SpringContextShutdownHook] o.s.s.c.ThreadPoolTaskScheduler          : Shutting down ExecutorService 'taskScheduler'
2023-08-31 13:46:20.947  INFO 7116 --- [SpringContextShutdownHook] o.s.s.concurrent.ThreadPoolTaskExecutor  : Shutting down ExecutorService 'applicationTaskExecutor'
